<?xml version="1.0" encoding="UTF-8"?>
<!-- Generated by org.testng.reporters.JUnitReportReporter -->
<testsuite skipped="0" hostname="DESKTOP-3SUJPVT" name="com.infofactors.qa.testcaes.LoginPageTest" tests="3" failures="0" timestamp="31 Aug 2018 03:28:23 GMT" time="137.052" errors="0">
  <testcase name="verifyLoginPagetitleTest" time="47.190" classname="com.infofactors.qa.testcaes.LoginPageTest"/>
  <testcase name="verifycrmLogoTest" time="19.631" classname="com.infofactors.qa.testcaes.LoginPageTest"/>
  <testcase name="loginTest" time="70.231" classname="com.infofactors.qa.testcaes.LoginPageTest"/>
</testsuite> <!-- com.infofactors.qa.testcaes.LoginPageTest -->
