<?xml version="1.0" encoding="UTF-8"?>
<!-- Generated by org.testng.reporters.JUnitReportReporter -->
<testsuite skipped="0" hostname="DESKTOP-3SUJPVT" name="com.infofactors.qa.testcaes.HomePageTest" tests="3" failures="0" timestamp="31 Aug 2018 03:28:23 GMT" time="131.244" errors="0">
  <testcase name="verifyhomepageTitleTest" time="34.882" classname="com.infofactors.qa.testcaes.HomePageTest"/>
  <testcase name="verifyhomepagenameTest" time="64.194" classname="com.infofactors.qa.testcaes.HomePageTest"/>
  <testcase name="verifycontactlinkTest" time="32.168" classname="com.infofactors.qa.testcaes.HomePageTest"/>
</testsuite> <!-- com.infofactors.qa.testcaes.HomePageTest -->
